{"D:\\works\\BackEndAWS-mono_shop-app\\product-service\\__tests__\\fortest.mjs": {"path":"D:\\works\\BackEndAWS-mono_shop-app\\product-service\\__tests__\\fortest.mjs","statementMap":{"0":{"start":{"line":2,"column":4},"end":{"line":2,"column":17}}},"fnMap":{"0":{"name":"sum","decl":{"start":{"line":1,"column":9},"end":{"line":1,"column":12}},"loc":{"start":{"line":1,"column":19},"end":{"line":3,"column":3}},"line":1}},"branchMap":{},"s":{"0":1},"f":{"0":1},"b":{},"_coverageSchema":"1a1c01bbd47fc00a2c39e90264f33305004495a9","hash":"3ee6968869346daf6198192425a1fb9dadc97168"}
,"D:\\works\\BackEndAWS-mono_shop-app\\product-service\\handler\\getAllProducts.mjs": {"path":"D:\\works\\BackEndAWS-mono_shop-app\\product-service\\handler\\getAllProducts.mjs","statementMap":{"0":{"start":{"line":5,"column":30},"end":{"line":15,"column":1}},"1":{"start":{"line":7,"column":2},"end":{"line":14,"column":4}}},"fnMap":{"0":{"name":"(anonymous_0)","decl":{"start":{"line":5,"column":30},"end":{"line":5,"column":31}},"loc":{"start":{"line":5,"column":45},"end":{"line":15,"column":1}},"line":5}},"branchMap":{},"s":{"0":1,"1":1},"f":{"0":1},"b":{},"_coverageSchema":"1a1c01bbd47fc00a2c39e90264f33305004495a9","hash":"fe69a2ab5144eb701e8763b12f5ffa953fdf639e"}
,"D:\\works\\BackEndAWS-mono_shop-app\\product-service\\handler\\productList.mjs": {"path":"D:\\works\\BackEndAWS-mono_shop-app\\product-service\\handler\\productList.mjs","statementMap":{},"fnMap":{},"branchMap":{},"s":{},"f":{},"b":{},"_coverageSchema":"1a1c01bbd47fc00a2c39e90264f33305004495a9","hash":"f01169467380d53cb15706073c5d7254cab21d1b"}
}
